apr 10, 2020 3:23:16 PM backend.util.Log logNewInfo
INFO: Text_To_Speech : Successfully recieved synthesizer data
apr 10, 2020 3:23:17 PM backend.util.Log logNewInfo
INFO: Initializing ControllerMain
apr 10, 2020 3:23:17 PM backend.util.Log logNewInfo
INFO: Showing app
apr 10, 2020 3:23:29 PM backend.util.Log logNewInfo
INFO: DatabaseClient : Adding image
apr 10, 2020 3:23:29 PM backend.util.Log logNewInfo
INFO: ImageImport : Getting metadata from file
apr 10, 2020 3:23:29 PM backend.util.Log logNewInfo
INFO: DatabaseClient : Adding image
apr 10, 2020 3:23:29 PM backend.util.Log logNewInfo
INFO: ImageImport : Getting metadata from file
apr 10, 2020 3:23:30 PM backend.util.Log logNewInfo
INFO: DatabaseClient : Adding image
apr 10, 2020 3:23:30 PM backend.util.Log logNewInfo
INFO: ImageImport : Getting metadata from file
apr 10, 2020 3:23:30 PM backend.util.Log logNewInfo
INFO: Refreshing images after import controllermain
apr 10, 2020 3:23:31 PM backend.util.Log logNewInfo
INFO: DatabaseClient : Getting metadata from C:/Users/Ingebrigt/Pictures/Holy roman empire.png
apr 10, 2020 3:23:31 PM backend.util.Log logNewInfo
INFO: Getting tags from C:/Users/Ingebrigt/Pictures/Holy roman empire.png
