apr 10, 2020 1:41:32 PM backend.util.Log logNewInfo
INFO: Text_To_Speech : Successfully recieved synthesizer data
apr 10, 2020 1:41:32 PM backend.util.Log logNewInfo
INFO: Initializing ControllerMain
apr 10, 2020 1:41:33 PM backend.util.Log logNewInfo
INFO: Showing app
apr 10, 2020 2:17:48 PM backend.util.Log logNewInfo
INFO: DatabaseClient : Getting metadata from C:/Users/Ingebrigt/Pictures/24273022_1530502940330800_3022507_n.jpg
apr 10, 2020 2:17:48 PM backend.util.Log logNewInfo
INFO: Getting tags from C:/Users/Ingebrigt/Pictures/24273022_1530502940330800_3022507_n.jpg
apr 10, 2020 2:17:49 PM backend.util.Log logNewInfo
INFO: DatabaseClient : Getting metadata from C:/Users/Ingebrigt/Pictures/24273022_1530502940330800_3022507_n.jpg
apr 10, 2020 2:17:49 PM backend.util.Log logNewInfo
INFO: Getting tags from C:/Users/Ingebrigt/Pictures/24273022_1530502940330800_3022507_n.jpg
apr 10, 2020 2:17:51 PM backend.util.Log logNewInfo
INFO: Initializing controllerTagging
apr 10, 2020 2:17:51 PM backend.util.Log logNewInfo
INFO: Inserting tags in ControllerTagging
apr 10, 2020 2:17:51 PM backend.util.Log logNewInfo
INFO: Getting tags from C:/Users/Ingebrigt/Pictures/24273022_1530502940330800_3022507_n.jpg
apr 10, 2020 2:19:45 PM backend.util.Log logNewInfo
INFO: Inserting tags in ControllerTagging
apr 10, 2020 2:19:45 PM backend.util.Log logNewInfo
INFO: Getting tags from C:/Users/Ingebrigt/Pictures/24273022_1530502940330800_3022507_n.jpg
apr 10, 2020 2:19:49 PM backend.util.Log logNewInfo
INFO: Inserting tags in ControllerTagging
apr 10, 2020 2:19:49 PM backend.util.Log logNewInfo
INFO: Getting tags from C:/Users/Ingebrigt/Pictures/24273022_1530502940330800_3022507_n.jpg
apr 10, 2020 2:19:50 PM backend.util.Log logNewInfo
INFO: Inserting tags in ControllerTagging
apr 10, 2020 2:19:50 PM backend.util.Log logNewInfo
INFO: Getting tags from C:/Users/Ingebrigt/Pictures/24273022_1530502940330800_3022507_n.jpg
apr 10, 2020 2:19:53 PM backend.util.Log logNewInfo
INFO: Inserting tags in ControllerTagging
apr 10, 2020 2:19:53 PM backend.util.Log logNewInfo
INFO: Getting tags from C:/Users/Ingebrigt/Pictures/24273022_1530502940330800_3022507_n.jpg
apr 10, 2020 2:19:53 PM backend.util.Log logNewInfo
INFO: new TagTableRow id: 0, tag name: , checkbox: CheckBox@14af0833[styleClass=check-box]'ff'
apr 10, 2020 2:23:45 PM backend.util.Log logNewInfo
INFO: Getting tags from C:/Users/Ingebrigt/Pictures/24273022_1530502940330800_3022507_n.jpg
apr 10, 2020 2:24:52 PM backend.util.Log logNewInfo
INFO: SearchAction
apr 10, 2020 2:24:58 PM backend.util.Log logNewInfo
INFO: Initializing controllerTagging
apr 10, 2020 2:24:58 PM backend.util.Log logNewInfo
INFO: Inserting tags in ControllerTagging
apr 10, 2020 2:24:58 PM backend.util.Log logNewInfo
INFO: Getting tags from C:/Users/Ingebrigt/Pictures/24273022_1530502940330800_3022507_n.jpg
apr 10, 2020 2:25:01 PM backend.util.Log logNewInfo
INFO: Inserting tags in ControllerTagging
apr 10, 2020 2:25:01 PM backend.util.Log logNewInfo
INFO: Getting tags from C:/Users/Ingebrigt/Pictures/24273022_1530502940330800_3022507_n.jpg
apr 10, 2020 2:25:01 PM backend.util.Log logNewInfo
INFO: new TagTableRow id: 0, tag name: , checkbox: CheckBox@56e2d71d[styleClass=check-box]'jj'
apr 10, 2020 2:25:03 PM backend.util.Log logNewInfo
INFO: DatabaseClient : Adding tag to C:/Users/Ingebrigt/Pictures/24273022_1530502940330800_3022507_n.jpg
apr 10, 2020 2:25:03 PM backend.util.Log logNewInfo
INFO: DatabaseClient : Removing tag from C:/Users/Ingebrigt/Pictures/24273022_1530502940330800_3022507_n.jpg
apr 10, 2020 2:25:03 PM backend.util.Log logNewInfo
INFO: Getting tags from C:/Users/Ingebrigt/Pictures/24273022_1530502940330800_3022507_n.jpg
apr 10, 2020 2:25:06 PM backend.util.Log logNewInfo
INFO: SearchAction
apr 10, 2020 2:25:06 PM backend.util.Log logNewInfo
INFO: new TagTableRow id: 0, tag name: , checkbox: CheckBox@42bedd2c[styleClass=check-box]'Jj'
apr 10, 2020 2:25:09 PM backend.util.Log logNewInfo
INFO: DatabaseClient : Searching forJj
apr 10, 2020 2:25:09 PM backend.util.Log logNewInfo
INFO: Initializing ControllerMain
apr 10, 2020 2:25:41 PM backend.util.Log logNewInfo
INFO: SearchAction
apr 10, 2020 2:25:41 PM backend.util.Log logNewInfo
INFO: new TagTableRow id: 0, tag name: , checkbox: CheckBox@41da1fcf[styleClass=check-box]'Jj'
apr 10, 2020 2:26:10 PM backend.util.Log logNewInfo
INFO: SearchAction
apr 10, 2020 2:26:10 PM backend.util.Log logNewInfo
INFO: new TagTableRow id: 0, tag name: , checkbox: CheckBox@390b1d40[styleClass=check-box]'Jj'
apr 10, 2020 2:26:15 PM backend.util.Log logNewInfo
INFO: SearchAction
apr 10, 2020 2:26:15 PM backend.util.Log logNewInfo
INFO: new TagTableRow id: 0, tag name: , checkbox: CheckBox@36afe0b6[styleClass=check-box]'Jj'
apr 10, 2020 2:32:13 PM backend.util.Log logNewInfo
INFO: DatabaseClient : Getting metadata from C:/Users/Ingebrigt/Pictures/Holy roman empire.png
apr 10, 2020 2:32:13 PM backend.util.Log logNewInfo
INFO: Getting tags from C:/Users/Ingebrigt/Pictures/Holy roman empire.png
apr 10, 2020 2:41:36 PM backend.util.Log logNewInfo
INFO: adding to album
apr 10, 2020 2:41:37 PM backend.util.Log logNewInfo
INFO: new albumRowid: 1, tagname: , Checkbox: CheckBox@7eeb23e6[styleClass=check-box]'jona'
apr 10, 2020 2:46:13 PM backend.util.Log logNewInfo
INFO: Initializing ControllerMain
apr 10, 2020 2:48:51 PM backend.util.Log logNewInfo
INFO: DatabaseClient : Getting metadata from C:/Users/Ingebrigt/Pictures/møte.PNG
apr 10, 2020 2:48:51 PM backend.util.Log logNewInfo
INFO: Getting tags from C:/Users/Ingebrigt/Pictures/møte.PNG
apr 10, 2020 2:48:52 PM backend.util.Log logNewInfo
INFO: DatabaseClient : Getting metadata from C:/Users/Ingebrigt/Pictures/Holy roman empire.png
apr 10, 2020 2:48:52 PM backend.util.Log logNewInfo
INFO: Getting tags from C:/Users/Ingebrigt/Pictures/Holy roman empire.png
apr 10, 2020 2:50:01 PM backend.util.Log logNewInfo
INFO: ImageExport : Exporting images to pdf
